Using pre-set license
Built from '2020.2/staging' branch; Version is '2020.2.5f1 (e2c53f129de5) revision 14861631'; Using compiler version '192528614'; Build Type 'Release'
OS: 'Windows 10 Home; OS build 19042.867; Version 2009; 64bit' Language: 'pl' Physical Memory: 8081 MB
BatchMode: 1, IsHumanControllingUs: 0, StartBugReporterOnCrash: 0, Is64bit: 1, IsPro: 0

 COMMAND LINE ARGUMENTS:
C:\Program Files\Unity\Hub\Editor\2020.2.5f1\Editor\Unity.exe
-adb2
-batchMode
-noUpm
-name
AssetImportWorker0
-projectPath
D:/PROJEKTY/Unity/Pladge
-logFile
Logs/AssetImportWorker0.log
-srvPort
51404
Successfully changed project path to: D:/PROJEKTY/Unity/Pladge
D:/PROJEKTY/Unity/Pladge
Using Asset Import Pipeline V2.
Refreshing native plugins compatible for Editor in 60.96 ms, found 0 plugins.
Preloading 0 native plugins for Editor in 0.00 ms.
Initialize engine version: 2020.2.5f1 (e2c53f129de5)
[Subsystems] Discovering subsystems at path C:/Program Files/Unity/Hub/Editor/2020.2.5f1/Editor/Data/Resources/UnitySubsystems
[Subsystems] Discovering subsystems at path D:/PROJEKTY/Unity/Pladge/Assets
GfxDevice: creating device client; threaded=0
Direct3D:
    Version:  Direct3D 11.0 [level 11.0]
    Renderer: NVIDIA GeForce GTX 960M (ID=0x139b)
    Vendor:   
    VRAM:     4055 MB
    Driver:   27.21.14.6172
Initialize mono
Mono path[0] = 'C:/Program Files/Unity/Hub/Editor/2020.2.5f1/Editor/Data/Managed'
Mono path[1] = 'C:/Program Files/Unity/Hub/Editor/2020.2.5f1/Editor/Data/MonoBleedingEdge/lib/mono/unityjit'
Mono config path = 'C:/Program Files/Unity/Hub/Editor/2020.2.5f1/Editor/Data/MonoBleedingEdge/etc'
Using monoOptions --debugger-agent=transport=dt_socket,embedding=1,server=y,suspend=n,address=127.0.0.1:56156
Begin MonoManager ReloadAssembly
Registering precompiled unity dll's ...
Register platform support module: C:/Program Files/Unity/Hub/Editor/2020.2.5f1/Editor/Data/PlaybackEngines/WindowsStandaloneSupport/UnityEditor.WindowsStandalone.Extensions.dll
Registered in 0.003728 seconds.
Native extension for WindowsStandalone target not found
Refreshing native plugins compatible for Editor in 42.70 ms, found 0 plugins.
Preloading 0 native plugins for Editor in 0.00 ms.
Invoked RoslynAnalysisRunner static constructor.
RoslynAnalysisRunner will not be running.
RoslynAnalysisRunner has terminated.
Mono: successfully reloaded assembly
- Completed reload, in  3.047 seconds
Platform modules already initialized, skipping
Registering precompiled user dll's ...
Registered in 0.003421 seconds.
Begin MonoManager ReloadAssembly
Native extension for WindowsStandalone target not found
Refreshing native plugins compatible for Editor in 0.56 ms, found 0 plugins.
Preloading 0 native plugins for Editor in 0.00 ms.
Invoked RoslynAnalysisRunner static constructor.
RoslynAnalysisRunner will not be running.
RoslynAnalysisRunner has terminated.
Mono: successfully reloaded assembly
- Completed reload, in  1.174 seconds
Platform modules already initialized, skipping
========================================================================
Worker process is ready to serve import requests
Launched and connected shader compiler UnityShaderCompiler.exe after 0.07 seconds
Refreshing native plugins compatible for Editor in 0.89 ms, found 0 plugins.
Preloading 0 native plugins for Editor in 0.00 ms.
Unloading 1394 Unused Serialized files (Serialized files now loaded: 0)
System memory in use before: 66.0 MB.
System memory in use after: 66.1 MB.

Unloading 33 unused Assets to reduce memory usage. Loaded Objects now: 1829.
Total: 3.183600 ms (FindLiveObjects: 0.359600 ms CreateObjectMapping: 0.103000 ms MarkObjects: 2.618600 ms  DeleteObjects: 0.100300 ms)

========================================================================
Received Import Request.
  path: Assets/Tree.prefab
  artifactKey: Guid(f585a21258bc59043a63c40fec76e14a) Importer(815301076,1909f56bfc062723c751e8b465ee728b)
Start importing Assets/Tree.prefab using Guid(f585a21258bc59043a63c40fec76e14a) Importer(815301076,1909f56bfc062723c751e8b465ee728b)  -> (artifact id: '58bfe1524bbd3ee39ac837a232e7b766') in 1.315176 seconds
  Import took 1.318954 seconds .

========================================================================
Received Import Request.
  Time since last request: 59.904689 seconds.
  path: Assets/Scenes/Shop.unity
  artifactKey: Guid(49dac455096940a4ab2b53348035c770) Importer(815301076,1909f56bfc062723c751e8b465ee728b)
Start importing Assets/Scenes/Shop.unity using Guid(49dac455096940a4ab2b53348035c770) Importer(815301076,1909f56bfc062723c751e8b465ee728b)  -> (artifact id: 'e78011931990da1624d7498e8f1d6ab5') in 0.009841 seconds
  Import took 0.012767 seconds .

========================================================================
Received Import Request.
  Time since last request: 0.009641 seconds.
  path: Assets/Scenes/Shop.unity
  artifactKey: Guid(49dac455096940a4ab2b53348035c770) Importer(815301076,1909f56bfc062723c751e8b465ee728b)
Start importing Assets/Scenes/Shop.unity using Guid(49dac455096940a4ab2b53348035c770) Importer(815301076,1909f56bfc062723c751e8b465ee728b)  -> (artifact id: 'e78011931990da1624d7498e8f1d6ab5') in 0.004923 seconds
  Import took 0.008379 seconds .

========================================================================
Received Import Request.
  Time since last request: 1.194306 seconds.
  path: Assets/Scenes/MENU.unity
  artifactKey: Guid(7f843768a7f25b8478193772587ed692) Importer(815301076,1909f56bfc062723c751e8b465ee728b)
Start importing Assets/Scenes/MENU.unity using Guid(7f843768a7f25b8478193772587ed692) Importer(815301076,1909f56bfc062723c751e8b465ee728b)  -> (artifact id: 'eeb9efb60a3f7a38bd28930eaf7ed442') in 0.010738 seconds
  Import took 0.016020 seconds .

========================================================================
Received Import Request.
  Time since last request: 52.821105 seconds.
  path: Assets/Scenes/Poziom1.unity
  artifactKey: Guid(2cda990e2423bbf4892e6590ba056729) Importer(815301076,1909f56bfc062723c751e8b465ee728b)
Start importing Assets/Scenes/Poziom1.unity using Guid(2cda990e2423bbf4892e6590ba056729) Importer(815301076,1909f56bfc062723c751e8b465ee728b)  -> (artifact id: 'f9ed3f6a951dea4237f2d1003ce2907c') in 0.012888 seconds
  Import took 0.017864 seconds .

========================================================================
Received Prepare
Registering precompiled user dll's ...
Registered in 0.002537 seconds.
Begin MonoManager ReloadAssembly
Native extension for WindowsStandalone target not found
Refreshing native plugins compatible for Editor in 0.48 ms, found 0 plugins.
Preloading 0 native plugins for Editor in 0.00 ms.
Invoked RoslynAnalysisRunner static constructor.
RoslynAnalysisRunner will not be running.
RoslynAnalysisRunner has terminated.
Mono: successfully reloaded assembly
- Completed reload, in  0.976 seconds
Platform modules already initialized, skipping
Refreshing native plugins compatible for Editor in 0.48 ms, found 0 plugins.
Preloading 0 native plugins for Editor in 0.00 ms.
Unloading 1378 Unused Serialized files (Serialized files now loaded: 0)
System memory in use before: 68.7 MB.
System memory in use after: 68.8 MB.

Unloading 24 unused Assets to reduce memory usage. Loaded Objects now: 1874.
Total: 2.227600 ms (FindLiveObjects: 0.208400 ms CreateObjectMapping: 0.107500 ms MarkObjects: 1.885500 ms  DeleteObjects: 0.024600 ms)

========================================================================
Received Prepare
Registering precompiled user dll's ...
Registered in 0.003029 seconds.
Begin MonoManager ReloadAssembly
Native extension for WindowsStandalone target not found
Refreshing native plugins compatible for Editor in 0.48 ms, found 0 plugins.
Preloading 0 native plugins for Editor in 0.00 ms.
Invoked RoslynAnalysisRunner static constructor.
RoslynAnalysisRunner will not be running.
RoslynAnalysisRunner has terminated.
Mono: successfully reloaded assembly
- Completed reload, in  0.997 seconds
Platform modules already initialized, skipping
Refreshing native plugins compatible for Editor in 0.49 ms, found 0 plugins.
Preloading 0 native plugins for Editor in 0.00 ms.
Unloading 1378 Unused Serialized files (Serialized files now loaded: 0)
System memory in use before: 68.7 MB.
System memory in use after: 68.8 MB.

Unloading 24 unused Assets to reduce memory usage. Loaded Objects now: 1876.
Total: 2.329100 ms (FindLiveObjects: 0.270500 ms CreateObjectMapping: 0.073100 ms MarkObjects: 1.957900 ms  DeleteObjects: 0.025700 ms)

========================================================================
Received Prepare
Registering precompiled user dll's ...
Registered in 0.002517 seconds.
Begin MonoManager ReloadAssembly
Native extension for WindowsStandalone target not found
Refreshing native plugins compatible for Editor in 0.53 ms, found 0 plugins.
Preloading 0 native plugins for Editor in 0.00 ms.
Invoked RoslynAnalysisRunner static constructor.
RoslynAnalysisRunner will not be running.
RoslynAnalysisRunner has terminated.
Mono: successfully reloaded assembly
- Completed reload, in  0.989 seconds
Platform modules already initialized, skipping
Refreshing native plugins compatible for Editor in 0.46 ms, found 0 plugins.
Preloading 0 native plugins for Editor in 0.00 ms.
Unloading 1378 Unused Serialized files (Serialized files now loaded: 0)
System memory in use before: 68.8 MB.
System memory in use after: 68.9 MB.

Unloading 24 unused Assets to reduce memory usage. Loaded Objects now: 1878.
Total: 2.274100 ms (FindLiveObjects: 0.239000 ms CreateObjectMapping: 0.133000 ms MarkObjects: 1.878100 ms  DeleteObjects: 0.022400 ms)

========================================================================
Received Prepare
Registering precompiled user dll's ...
Registered in 0.003187 seconds.
Begin MonoManager ReloadAssembly
Native extension for WindowsStandalone target not found
Refreshing native plugins compatible for Editor in 0.48 ms, found 0 plugins.
Preloading 0 native plugins for Editor in 0.00 ms.
Invoked RoslynAnalysisRunner static constructor.
RoslynAnalysisRunner will not be running.
RoslynAnalysisRunner has terminated.
Mono: successfully reloaded assembly
- Completed reload, in  1.002 seconds
Platform modules already initialized, skipping
Refreshing native plugins compatible for Editor in 0.47 ms, found 0 plugins.
Preloading 0 native plugins for Editor in 0.00 ms.
Unloading 1378 Unused Serialized files (Serialized files now loaded: 0)
System memory in use before: 68.8 MB.
System memory in use after: 68.9 MB.

Unloading 24 unused Assets to reduce memory usage. Loaded Objects now: 1880.
Total: 3.028200 ms (FindLiveObjects: 0.364700 ms CreateObjectMapping: 0.185700 ms MarkObjects: 2.441600 ms  DeleteObjects: 0.034300 ms)

========================================================================
Received Prepare
Registering precompiled user dll's ...
Registered in 0.002573 seconds.
Begin MonoManager ReloadAssembly
Native extension for WindowsStandalone target not found
Refreshing native plugins compatible for Editor in 0.59 ms, found 0 plugins.
Preloading 0 native plugins for Editor in 0.00 ms.
Invoked RoslynAnalysisRunner static constructor.
RoslynAnalysisRunner will not be running.
RoslynAnalysisRunner has terminated.
Mono: successfully reloaded assembly
- Completed reload, in  1.065 seconds
Platform modules already initialized, skipping
Refreshing native plugins compatible for Editor in 0.73 ms, found 0 plugins.
Preloading 0 native plugins for Editor in 0.00 ms.
Unloading 1378 Unused Serialized files (Serialized files now loaded: 0)
System memory in use before: 68.8 MB.
System memory in use after: 68.9 MB.

Unloading 24 unused Assets to reduce memory usage. Loaded Objects now: 1882.
Total: 2.839100 ms (FindLiveObjects: 0.289000 ms CreateObjectMapping: 0.075900 ms MarkObjects: 2.444000 ms  DeleteObjects: 0.027600 ms)

========================================================================
Received Prepare
Registering precompiled user dll's ...
Registered in 0.002530 seconds.
Begin MonoManager ReloadAssembly
Native extension for WindowsStandalone target not found
Refreshing native plugins compatible for Editor in 0.53 ms, found 0 plugins.
Preloading 0 native plugins for Editor in 0.00 ms.
Invoked RoslynAnalysisRunner static constructor.
RoslynAnalysisRunner will not be running.
RoslynAnalysisRunner has terminated.
Mono: successfully reloaded assembly
- Completed reload, in  0.981 seconds
Platform modules already initialized, skipping
Refreshing native plugins compatible for Editor in 0.49 ms, found 0 plugins.
Preloading 0 native plugins for Editor in 0.00 ms.
Unloading 1378 Unused Serialized files (Serialized files now loaded: 0)
System memory in use before: 68.8 MB.
System memory in use after: 68.9 MB.

Unloading 24 unused Assets to reduce memory usage. Loaded Objects now: 1884.
Total: 2.003700 ms (FindLiveObjects: 0.176300 ms CreateObjectMapping: 0.054800 ms MarkObjects: 1.749400 ms  DeleteObjects: 0.022000 ms)

========================================================================
Received Import Request.
  Time since last request: 305.784812 seconds.
  path: ProjectSettings/TagManager.asset
  artifactKey: Guid(00000000000000003000000000000000) Importer(815301076,1909f56bfc062723c751e8b465ee728b)
Start importing ProjectSettings/TagManager.asset using Guid(00000000000000003000000000000000) Importer(815301076,1909f56bfc062723c751e8b465ee728b)  -> (artifact id: 'fe755a1288205d2cd82ee1668d3f2f63') in 0.027332 seconds
  Import took 0.031118 seconds .

========================================================================
Received Prepare
Registering precompiled user dll's ...
Registered in 0.002548 seconds.
Begin MonoManager ReloadAssembly
Native extension for WindowsStandalone target not found
Refreshing native plugins compatible for Editor in 0.46 ms, found 0 plugins.
Preloading 0 native plugins for Editor in 0.00 ms.
Invoked RoslynAnalysisRunner static constructor.
RoslynAnalysisRunner will not be running.
RoslynAnalysisRunner has terminated.
Mono: successfully reloaded assembly
- Completed reload, in  0.964 seconds
Platform modules already initialized, skipping
Refreshing native plugins compatible for Editor in 0.46 ms, found 0 plugins.
Preloading 0 native plugins for Editor in 0.00 ms.
Unloading 1378 Unused Serialized files (Serialized files now loaded: 0)
System memory in use before: 68.8 MB.
System memory in use after: 68.9 MB.

Unloading 25 unused Assets to reduce memory usage. Loaded Objects now: 1886.
Total: 2.283800 ms (FindLiveObjects: 0.193100 ms CreateObjectMapping: 0.067300 ms MarkObjects: 2.000900 ms  DeleteObjects: 0.021400 ms)

========================================================================
Received Import Request.
  Time since last request: 172.099384 seconds.
  path: Assets/Scenes/MENU.unity
  artifactKey: Guid(7f843768a7f25b8478193772587ed692) Importer(815301076,1909f56bfc062723c751e8b465ee728b)
Start importing Assets/Scenes/MENU.unity using Guid(7f843768a7f25b8478193772587ed692) Importer(815301076,1909f56bfc062723c751e8b465ee728b)  -> (artifact id: '26e76ba74b508e56c930c6b2b166a29d') in 0.020076 seconds
  Import took 0.024545 seconds .

========================================================================
Received Import Request.
  Time since last request: 0.403121 seconds.
  path: Assets/Scenes/Konstelacje.unity
  artifactKey: Guid(60b2d6fa1b5adc24491311adc95c1db5) Importer(815301076,1909f56bfc062723c751e8b465ee728b)
Start importing Assets/Scenes/Konstelacje.unity using Guid(60b2d6fa1b5adc24491311adc95c1db5) Importer(815301076,1909f56bfc062723c751e8b465ee728b)  -> (artifact id: 'ee20fd51ab721baaac5932fb36504b4c') in 0.011796 seconds
  Import took 0.016090 seconds .

========================================================================
Received Prepare
Registering precompiled user dll's ...
Registered in 0.004123 seconds.
Begin MonoManager ReloadAssembly
Native extension for WindowsStandalone target not found
Refreshing native plugins compatible for Editor in 1.12 ms, found 0 plugins.
Preloading 0 native plugins for Editor in 0.00 ms.
Invoked RoslynAnalysisRunner static constructor.
RoslynAnalysisRunner will not be running.
RoslynAnalysisRunner has terminated.
Mono: successfully reloaded assembly
- Completed reload, in  1.485 seconds
Platform modules already initialized, skipping
Refreshing native plugins compatible for Editor in 1.19 ms, found 0 plugins.
Preloading 0 native plugins for Editor in 0.00 ms.
Unloading 1378 Unused Serialized files (Serialized files now loaded: 0)
System memory in use before: 68.8 MB.
System memory in use after: 68.9 MB.

Unloading 24 unused Assets to reduce memory usage. Loaded Objects now: 1888.
Total: 4.155900 ms (FindLiveObjects: 0.435500 ms CreateObjectMapping: 0.118600 ms MarkObjects: 3.566300 ms  DeleteObjects: 0.032700 ms)

========================================================================
Received Import Request.
  Time since last request: 65.155601 seconds.
  path: Assets/Scenes/Zakonczenie.unity
  artifactKey: Guid(85670c6f0aede214593113f60f27ca9f) Importer(815301076,1909f56bfc062723c751e8b465ee728b)
Start importing Assets/Scenes/Zakonczenie.unity using Guid(85670c6f0aede214593113f60f27ca9f) Importer(815301076,1909f56bfc062723c751e8b465ee728b)  -> (artifact id: 'a66f1ae3974d1c10dae546aedbfc7fae') in 0.025585 seconds
  Import took 0.029381 seconds .

========================================================================
Received Prepare
Registering precompiled user dll's ...
Registered in 0.002579 seconds.
Begin MonoManager ReloadAssembly
Native extension for WindowsStandalone target not found
Refreshing native plugins compatible for Editor in 0.53 ms, found 0 plugins.
Preloading 0 native plugins for Editor in 0.00 ms.
Invoked RoslynAnalysisRunner static constructor.
RoslynAnalysisRunner will not be running.
RoslynAnalysisRunner has terminated.
Mono: successfully reloaded assembly
- Completed reload, in  1.020 seconds
Platform modules already initialized, skipping
Refreshing native plugins compatible for Editor in 0.53 ms, found 0 plugins.
Preloading 0 native plugins for Editor in 0.00 ms.
Unloading 1378 Unused Serialized files (Serialized files now loaded: 0)
System memory in use before: 68.8 MB.
System memory in use after: 68.9 MB.

Unloading 24 unused Assets to reduce memory usage. Loaded Objects now: 1890.
Total: 2.512300 ms (FindLiveObjects: 0.230100 ms CreateObjectMapping: 0.111400 ms MarkObjects: 2.139200 ms  DeleteObjects: 0.029700 ms)

========================================================================
Received Prepare
Registering precompiled user dll's ...
Registered in 0.004895 seconds.
Begin MonoManager ReloadAssembly
Native extension for WindowsStandalone target not found
Refreshing native plugins compatible for Editor in 0.67 ms, found 0 plugins.
Preloading 0 native plugins for Editor in 0.00 ms.
Invoked RoslynAnalysisRunner static constructor.
RoslynAnalysisRunner will not be running.
RoslynAnalysisRunner has terminated.
Mono: successfully reloaded assembly
- Completed reload, in  2.251 seconds
Platform modules already initialized, skipping
Refreshing native plugins compatible for Editor in 0.84 ms, found 0 plugins.
Preloading 0 native plugins for Editor in 0.00 ms.
Unloading 1378 Unused Serialized files (Serialized files now loaded: 0)
System memory in use before: 68.8 MB.
System memory in use after: 68.9 MB.

Unloading 24 unused Assets to reduce memory usage. Loaded Objects now: 1892.
Total: 4.325600 ms (FindLiveObjects: 0.496600 ms CreateObjectMapping: 0.136400 ms MarkObjects: 3.653700 ms  DeleteObjects: 0.034900 ms)

AssetImportWorkerClient::OnTransportError - code=2 error=End of file
